<?xml version="1.0" encoding="UTF-8"?>
<!-- Generated by org.testng.reporters.JUnitXMLReporter -->
<testsuite hostname="DESKTOP-J4DO44B" ignored="2" name="Test(failed)(failed)(failed)" tests="2" failures="1" timestamp="23 Jun 2021 03:39:06 GMT" time="16.421" errors="0">
  <testcase name="verifyImgDisplay" time="0.171" classname="testcases.TC001HomePage">
    <failure type="java.lang.AssertionError" message="expected [true] but found [false]">
      <![CDATA[java.lang.AssertionError: expected [true] but found [false]
at testcases.TC001HomePage.verifyImgDisplay(TC001HomePage.java:23)
... Removed 33 stack frames]]>
    </failure>
  </testcase> <!-- verifyImgDisplay -->
  <testcase name="verifyKidsNavigation" time="12.626" classname="testcases.TC004Navigation_Kids"/>
  <testcase name="@BeforeSuite init" time="0.0" classname="base.BaseClass">
    <ignored/>
  </testcase> <!-- @BeforeSuite init -->
  <testcase name="@AfterSuite closeBrowser" time="0.0" classname="base.BaseClass">
    <ignored/>
  </testcase> <!-- @AfterSuite closeBrowser -->
</testsuite> <!-- Test(failed)(failed)(failed) -->
